#
# A fatal error has been detected by the Java Runtime Environment:
#
#  SIGSEGV (0xb) at pc=0x00000001108dd950, pid=22957, tid=4867
#
# JRE version: Java(TM) SE Runtime Environment (7.0_51-b13) (build 1.7.0_51-b13)
# Java VM: Java HotSpot(TM) 64-Bit Server VM (24.51-b03 mixed mode bsd-amd64 compressed oops)
# Problematic frame:
# C  [CHIAFrameworkltl2ba+0x1950]  implies+0x20
#
# Failed to write core dump. Core dumps have been disabled. To enable core dumping, try "ulimit -c unlimited" before starting Java again
#
# If you would like to submit a bug report, please visit:
#   http://bugreport.sun.com/bugreport/crash.jsp
# The crash happened outside the Java Virtual Machine in native code.
# See problematic frame for where to report the bug.
#

---------------  T H R E A D  ---------------

Current thread (0x00007ffddc803000):  JavaThread "main" [_thread_in_native, id=4867, stack(0x0000000105c81000,0x0000000105d81000)]

siginfo:si_signo=SIGSEGV: si_errno=0, si_code=1 (SEGV_MAPERR), si_addr=0x0000000000000000

Registers:
RAX=0x0000000000000000, RBX=0x0000000000000000, RCX=0x00000001108dd8f4, RDX=0x00000001108dcd9e
RSP=0x0000000105d7f270, RBP=0x0000000105d7f290, RSI=0x0000000000000000, RDI=0x00007ffddb518fe8
R8 =0x0000000000000017, R9 =0x00000000fe000000, R10=0x00000000000057b8, R11=0x00007ffccac31ed8
R12=0x00007ffddb518fe8, R13=0x00000001108e6c90, R14=0x00007ffddb518fe8, R15=0x00007ffddb51ac01
RIP=0x00000001108dd950, EFLAGS=0x0000000000010246, ERR=0x0000000000000004
  TRAPNO=0x000000000000000e

Top of Stack: (sp=0x0000000105d7f270)
0x0000000105d7f270:   00007ffddb51aca8 00007ffddb51aca8
0x0000000105d7f280:   0000000000000000 00007ffddb51aca8
0x0000000105d7f290:   0000000105d7f2c0 00000001108dcdab
0x0000000105d7f2a0:   00000001108e70d8 0000000000000106
0x0000000105d7f2b0:   0000000000000000 00007ffddb51aca8
0x0000000105d7f2c0:   0000000105d7f300 00000001108dc898
0x0000000105d7f2d0:   0000000000000028 0000000000000000
0x0000000105d7f2e0:   0000000000000000 000000077b307f28
0x0000000105d7f2f0:   00000000ffffffff 00007ffddc803000
0x0000000105d7f300:   0000000105d7f320 00000001108dca41
0x0000000105d7f310:   0000000000000028 0000000000000000
0x0000000105d7f320:   0000000105d7f360 00000001108dc874
0x0000000105d7f330:   0000000000000028 0000000000000001
0x0000000105d7f340:   0000000000000000 000000077b307f28
0x0000000105d7f350:   0000000000000000 00007ffddc803000
0x0000000105d7f360:   0000000105d7f3a0 00000001108dc874
0x0000000105d7f370:   0000000000000028 00007ffddb518f28
0x0000000105d7f380:   0000000000000000 000000077b307f28
0x0000000105d7f390:   00000000ffffffff 00007ffddc803000
0x0000000105d7f3a0:   0000000105d7f3c0 00000001108dca41
0x0000000105d7f3b0:   0000000000000028 00007ffddb518f28
0x0000000105d7f3c0:   0000000105d7f3e0 00000001108dcb9b
0x0000000105d7f3d0:   0000000000000107 0000000000000000
0x0000000105d7f3e0:   0000000105d7f420 00000001108dc874
0x0000000105d7f3f0:   0000000000000107 0000000000000001
0x0000000105d7f400:   0000000000000000 000000077b307f28
0x0000000105d7f410:   0000000000000000 00007ffddc803000
0x0000000105d7f420:   0000000105d7f460 00000001108dc874
0x0000000105d7f430:   0000000000000107 000000077b307f28
0x0000000105d7f440:   0000000000000000 000000077b307f28
0x0000000105d7f450:   0000000105d7f500 00007ffddc803000
0x0000000105d7f460:   0000000105d7f480 00000001108dc80b 

Instructions: (pc=0x00000001108dd950)
0x00000001108dd930:   55 48 89 e5 41 57 41 56 53 50 48 89 f3 49 89 fe
0x00000001108dd940:   e8 8b 4f 00 00 41 b7 01 85 c0 0f 85 ca 01 00 00
0x00000001108dd950:   0f b7 03 3d 0a 01 00 00 0f 84 bc 01 00 00 41 0f
0x00000001108dd960:   b7 0e 81 f9 05 01 00 00 0f 84 ac 01 00 00 0f b7 

Register to memory mapping:

RAX=0x0000000000000000 is an unknown value
RBX=0x0000000000000000 is an unknown value
RCX=0x00000001108dd8f4: bin_simpler+0xc84 in /Users/Claudio1/Documents/School/University/PhD/Software/GitRepo/IncompleteAutomataBasedModelChecking/IncompleteAutomataBasedModelChecking/CHIAFrameworkltl2ba at 0x00000001108dc000
RDX=0x00000001108dcd9e: bin_simpler+0x12e in /Users/Claudio1/Documents/School/University/PhD/Software/GitRepo/IncompleteAutomataBasedModelChecking/IncompleteAutomataBasedModelChecking/CHIAFrameworkltl2ba at 0x00000001108dc000
RSP=0x0000000105d7f270 is pointing into the stack for thread: 0x00007ffddc803000
RBP=0x0000000105d7f290 is pointing into the stack for thread: 0x00007ffddc803000
RSI=0x0000000000000000 is an unknown value
RDI=0x00007ffddb518fe8 is an unknown value
R8 =0x0000000000000017 is an unknown value
R9 =0x00000000fe000000 is an unknown value
R10=0x00000000000057b8 is an unknown value
R11=0x00007ffccac31ed8 is an unknown value
R12=0x00007ffddb518fe8 is an unknown value
R13=0x00000001108e6c90: prec+0x10 in /Users/Claudio1/Documents/School/University/PhD/Software/GitRepo/IncompleteAutomataBasedModelChecking/IncompleteAutomataBasedModelChecking/CHIAFrameworkltl2ba at 0x00000001108dc000
R14=0x00007ffddb518fe8 is an unknown value
R15=0x00007ffddb51ac01 is an unknown value


Stack: [0x0000000105c81000,0x0000000105d81000],  sp=0x0000000105d7f270,  free space=1016k
Native frames: (J=compiled Java code, j=interpreted, Vv=VM code, C=native code)
C  [CHIAFrameworkltl2ba+0x1950]  implies+0x20
C  [CHIAFrameworkltl2ba+0xdab]  bin_simpler+0x13b
C  [CHIAFrameworkltl2ba+0x898]  tl_level+0x48
C  [CHIAFrameworkltl2ba+0xa41]  tl_factor+0x31
C  [CHIAFrameworkltl2ba+0x874]  tl_level+0x24
C  [CHIAFrameworkltl2ba+0x874]  tl_level+0x24
C  [CHIAFrameworkltl2ba+0xa41]  tl_factor+0x31
C  [CHIAFrameworkltl2ba+0xb9b]  tl_factor+0x18b
C  [CHIAFrameworkltl2ba+0x874]  tl_level+0x24
C  [CHIAFrameworkltl2ba+0x874]  tl_level+0x24
C  [CHIAFrameworkltl2ba+0x80b]  tl_parse+0x1b
j  rwth.i2.ltl2ba4j.internal.jnibridge.BAJni.tl_parse()V+0
j  rwth.i2.ltl2ba4j.internal.jnibridge.BAJni.process(Ljava/lang/String;)V+41
j  rwth.i2.ltl2ba4j.internal.jnibridge.BAJni.<init>(Ljava/lang/String;)V+11
j  rwth.i2.ltl2ba4j.LTL2BA4J.formulaToBA(Ljava/lang/String;)Ljava/util/Collection;+5
j  it.polimi.model.ltltoba.LTLtoBATransformer.perform()Lit/polimi/automata/BA;+19
j  it.polimi.console.CHIAAutomataConsole.loadProperty(Ljava/lang/String;)V+44
v  ~StubRoutines::call_stub
V  [libjvm.dylib+0x2d6bb0]  JavaCalls::call_helper(JavaValue*, methodHandle*, JavaCallArguments*, Thread*)+0x22a
V  [libjvm.dylib+0x2d6980]  JavaCalls::call(JavaValue*, methodHandle, JavaCallArguments*, Thread*)+0x28
V  [libjvm.dylib+0x460590]  Reflection::invoke(instanceKlassHandle, methodHandle, Handle, bool, objArrayHandle, BasicType, objArrayHandle, bool, Thread*)+0x9fc
V  [libjvm.dylib+0x4609f6]  Reflection::invoke_method(oopDesc*, Handle, objArrayHandle, Thread*)+0x16e
V  [libjvm.dylib+0x3234f7]  JVM_InvokeMethod+0x166
j  sun.reflect.NativeMethodAccessorImpl.invoke0(Ljava/lang/reflect/Method;Ljava/lang/Object;[Ljava/lang/Object;)Ljava/lang/Object;+0
j  sun.reflect.NativeMethodAccessorImpl.invoke(Ljava/lang/Object;[Ljava/lang/Object;)Ljava/lang/Object;+87
j  sun.reflect.DelegatingMethodAccessorImpl.invoke(Ljava/lang/Object;[Ljava/lang/Object;)Ljava/lang/Object;+6
j  java.lang.reflect.Method.invoke(Ljava/lang/Object;[Ljava/lang/Object;)Ljava/lang/Object;+57
j  asg.cliche.ShellCommand.invoke([Ljava/lang/Object;)Ljava/lang/Object;+30
j  asg.cliche.Shell.processCommand(Ljava/lang/String;Ljava/util/List;)V+100
j  asg.cliche.Shell.processLine(Ljava/lang/String;)V+75
j  asg.cliche.Shell.commandLoop()V+93
j  it.polimi.CHIAConsole.automataMode()V+13
v  ~StubRoutines::call_stub
V  [libjvm.dylib+0x2d6bb0]  JavaCalls::call_helper(JavaValue*, methodHandle*, JavaCallArguments*, Thread*)+0x22a
V  [libjvm.dylib+0x2d6980]  JavaCalls::call(JavaValue*, methodHandle, JavaCallArguments*, Thread*)+0x28
V  [libjvm.dylib+0x460590]  Reflection::invoke(instanceKlassHandle, methodHandle, Handle, bool, objArrayHandle, BasicType, objArrayHandle, bool, Thread*)+0x9fc
V  [libjvm.dylib+0x4609f6]  Reflection::invoke_method(oopDesc*, Handle, objArrayHandle, Thread*)+0x16e
V  [libjvm.dylib+0x3234f7]  JVM_InvokeMethod+0x166
j  sun.reflect.NativeMethodAccessorImpl.invoke0(Ljava/lang/reflect/Method;Ljava/lang/Object;[Ljava/lang/Object;)Ljava/lang/Object;+0
j  sun.reflect.NativeMethodAccessorImpl.invoke(Ljava/lang/Object;[Ljava/lang/Object;)Ljava/lang/Object;+87
j  sun.reflect.DelegatingMethodAccessorImpl.invoke(Ljava/lang/Object;[Ljava/lang/Object;)Ljava/lang/Object;+6
j  java.lang.reflect.Method.invoke(Ljava/lang/Object;[Ljava/lang/Object;)Ljava/lang/Object;+57
j  asg.cliche.ShellCommand.invoke([Ljava/lang/Object;)Ljava/lang/Object;+30
j  asg.cliche.Shell.processCommand(Ljava/lang/String;Ljava/util/List;)V+100
j  asg.cliche.Shell.processLine(Ljava/lang/String;)V+75
j  asg.cliche.Shell.commandLoop()V+93
j  it.polimi.Main.main([Ljava/lang/String;)V+13
v  ~StubRoutines::call_stub
V  [libjvm.dylib+0x2d6bb0]  JavaCalls::call_helper(JavaValue*, methodHandle*, JavaCallArguments*, Thread*)+0x22a
V  [libjvm.dylib+0x2d6980]  JavaCalls::call(JavaValue*, methodHandle, JavaCallArguments*, Thread*)+0x28
V  [libjvm.dylib+0x30a124]  jni_invoke_static(JNIEnv_*, JavaValue*, _jobject*, JNICallType, _jmethodID*, JNI_ArgumentPusher*, Thread*)+0xe6
V  [libjvm.dylib+0x3032bf]  jni_CallStaticVoidMethod+0x10b
C  [java+0x30fe]  JavaMain+0x91d
C  [libsystem_pthread.dylib+0x3268]  _pthread_body+0x83
C  [libsystem_pthread.dylib+0x31e5]  _pthread_body+0x0
C  [libsystem_pthread.dylib+0x141d]  thread_start+0xd

Java frames: (J=compiled Java code, j=interpreted, Vv=VM code)
j  rwth.i2.ltl2ba4j.internal.jnibridge.BAJni.tl_parse()V+0
j  rwth.i2.ltl2ba4j.internal.jnibridge.BAJni.process(Ljava/lang/String;)V+41
j  rwth.i2.ltl2ba4j.internal.jnibridge.BAJni.<init>(Ljava/lang/String;)V+11
j  rwth.i2.ltl2ba4j.LTL2BA4J.formulaToBA(Ljava/lang/String;)Ljava/util/Collection;+5
j  it.polimi.model.ltltoba.LTLtoBATransformer.perform()Lit/polimi/automata/BA;+19
j  it.polimi.console.CHIAAutomataConsole.loadProperty(Ljava/lang/String;)V+44
v  ~StubRoutines::call_stub
j  sun.reflect.NativeMethodAccessorImpl.invoke0(Ljava/lang/reflect/Method;Ljava/lang/Object;[Ljava/lang/Object;)Ljava/lang/Object;+0
j  sun.reflect.NativeMethodAccessorImpl.invoke(Ljava/lang/Object;[Ljava/lang/Object;)Ljava/lang/Object;+87
j  sun.reflect.DelegatingMethodAccessorImpl.invoke(Ljava/lang/Object;[Ljava/lang/Object;)Ljava/lang/Object;+6
j  java.lang.reflect.Method.invoke(Ljava/lang/Object;[Ljava/lang/Object;)Ljava/lang/Object;+57
j  asg.cliche.ShellCommand.invoke([Ljava/lang/Object;)Ljava/lang/Object;+30
j  asg.cliche.Shell.processCommand(Ljava/lang/String;Ljava/util/List;)V+100
j  asg.cliche.Shell.processLine(Ljava/lang/String;)V+75
j  asg.cliche.Shell.commandLoop()V+93
j  it.polimi.CHIAConsole.automataMode()V+13
v  ~StubRoutines::call_stub
j  sun.reflect.NativeMethodAccessorImpl.invoke0(Ljava/lang/reflect/Method;Ljava/lang/Object;[Ljava/lang/Object;)Ljava/lang/Object;+0
j  sun.reflect.NativeMethodAccessorImpl.invoke(Ljava/lang/Object;[Ljava/lang/Object;)Ljava/lang/Object;+87
j  sun.reflect.DelegatingMethodAccessorImpl.invoke(Ljava/lang/Object;[Ljava/lang/Object;)Ljava/lang/Object;+6
j  java.lang.reflect.Method.invoke(Ljava/lang/Object;[Ljava/lang/Object;)Ljava/lang/Object;+57
j  asg.cliche.ShellCommand.invoke([Ljava/lang/Object;)Ljava/lang/Object;+30
j  asg.cliche.Shell.processCommand(Ljava/lang/String;Ljava/util/List;)V+100
j  asg.cliche.Shell.processLine(Ljava/lang/String;)V+75
j  asg.cliche.Shell.commandLoop()V+93
j  it.polimi.Main.main([Ljava/lang/String;)V+13
v  ~StubRoutines::call_stub

---------------  P R O C E S S  ---------------

Java Threads: ( => current thread )
  0x00007ffddc859800 JavaThread "Service Thread" daemon [_thread_blocked, id=17667, stack(0x00000001124c9000,0x00000001125c9000)]
  0x00007ffddd00b800 JavaThread "C2 CompilerThread1" daemon [_thread_blocked, id=17155, stack(0x00000001123c6000,0x00000001124c6000)]
  0x00007ffddb828000 JavaThread "C2 CompilerThread0" daemon [_thread_blocked, id=16643, stack(0x00000001122c3000,0x00000001123c3000)]
  0x00007ffddc858800 JavaThread "Signal Dispatcher" daemon [_thread_blocked, id=13331, stack(0x00000001121c0000,0x00000001122c0000)]
  0x00007ffddd003800 JavaThread "Finalizer" daemon [_thread_blocked, id=11523, stack(0x0000000110794000,0x0000000110894000)]
  0x00007ffddb819000 JavaThread "Reference Handler" daemon [_thread_blocked, id=11011, stack(0x0000000110691000,0x0000000110791000)]
=>0x00007ffddc803000 JavaThread "main" [_thread_in_native, id=4867, stack(0x0000000105c81000,0x0000000105d81000)]

Other Threads:
  0x00007ffddc00e000 VMThread [stack: 0x000000011058e000,0x000000011068e000] [id=10499]
  0x00007ffddd014800 WatcherThread [stack: 0x00000001125cc000,0x00000001126cc000] [id=18179]

VM state:not at safepoint (normal execution)

VM Mutex/Monitor currently owned by a thread: None

Heap
 PSYoungGen      total 38912K, used 20972K [0x00000007d5500000, 0x00000007d8000000, 0x0000000800000000)
  eden space 33792K, 62% used [0x00000007d5500000,0x00000007d697b328,0x00000007d7600000)
  from space 5120K, 0% used [0x00000007d7b00000,0x00000007d7b00000,0x00000007d8000000)
  to   space 5120K, 0% used [0x00000007d7600000,0x00000007d7600000,0x00000007d7b00000)
 ParOldGen       total 87040K, used 0K [0x0000000780000000, 0x0000000785500000, 0x00000007d5500000)
  object space 87040K, 0% used [0x0000000780000000,0x0000000780000000,0x0000000785500000)
 PSPermGen       total 21504K, used 5159K [0x000000077ae00000, 0x000000077c300000, 0x0000000780000000)
  object space 21504K, 23% used [0x000000077ae00000,0x000000077b309ee0,0x000000077c300000)

Card table byte_map: [0x000000010a113000,0x000000010a53d000] byte_map_base: 0x000000010653c000

Polling page: 0x0000000105dc0000

Code Cache  [0x0000000107053000, 0x00000001072c3000, 0x000000010a053000)
 total_blobs=264 nmethods=37 adapters=181 free_code_cache=48670Kb largest_free_block=49812864

Compilation events (10 events):
Event: 2.751 Thread 0x00007ffddb828000   33             java.lang.String::substring (79 bytes)
Event: 2.755 Thread 0x00007ffddb828000 nmethod 33 0x00000001070c9150 code [0x00000001070c92c0, 0x00000001070c9658]
Event: 2.769 Thread 0x00007ffddd00b800   34             java.util.HashMap::indexFor (6 bytes)
Event: 2.769 Thread 0x00007ffddd00b800 nmethod 34 0x00000001070c7a90 code [0x00000001070c7bc0, 0x00000001070c7bf8]
Event: 2.770 Thread 0x00007ffddb828000   35             java.util.HashMap::getEntry (86 bytes)
Event: 2.774 Thread 0x00007ffddb828000 nmethod 35 0x00000001070caa90 code [0x00000001070cac00, 0x00000001070cae28]
Event: 2.774 Thread 0x00007ffddd00b800   36   !         java.net.URL::<init> (543 bytes)
Event: 2.807 Thread 0x00007ffddd00b800 nmethod 36 0x00000001070cf350 code [0x00000001070cf600, 0x00000001070d0868]
Event: 11.746 Thread 0x00007ffddb828000   37             java.lang.String::indexOf (25 bytes)
Event: 11.747 Thread 0x00007ffddb828000 nmethod 37 0x00000001070c9d90 code [0x00000001070c9ee0, 0x00000001070c9fc8]

GC Heap History (0 events):
No events

Deoptimization events (1 events):
Event: 2.640 Thread 0x00007ffddc803000 Uncommon trap: reason=null_check action=make_not_entrant pc=0x00000001070bafd0 method=java.lang.String.equals(Ljava/lang/Object;)Z @ 8

Internal exceptions (10 events):
Event: 11.750 Thread 0x00007ffddc803000 Threw 0x00000007d6899820 at /HUDSON/workspace/7u-2-build-macosx-x86_64/jdk7u51/527/hotspot/src/share/vm/prims/jvm.cpp:1244
Event: 11.751 Thread 0x00007ffddc803000 Threw 0x00000007d68b3ba0 at /HUDSON/workspace/7u-2-build-macosx-x86_64/jdk7u51/527/hotspot/src/share/vm/prims/jvm.cpp:1244
Event: 11.752 Thread 0x00007ffddc803000 Threw 0x00000007d68c9268 at /HUDSON/workspace/7u-2-build-macosx-x86_64/jdk7u51/527/hotspot/src/share/vm/prims/jvm.cpp:1244
Event: 11.753 Thread 0x00007ffddc803000 Threw 0x00000007d68df060 at /HUDSON/workspace/7u-2-build-macosx-x86_64/jdk7u51/527/hotspot/src/share/vm/prims/jvm.cpp:1244
Event: 11.753 Thread 0x00007ffddc803000 Threw 0x00000007d68f74e8 at /HUDSON/workspace/7u-2-build-macosx-x86_64/jdk7u51/527/hotspot/src/share/vm/prims/jvm.cpp:1244
Event: 11.754 Thread 0x00007ffddc803000 Threw 0x00000007d690f5b8 at /HUDSON/workspace/7u-2-build-macosx-x86_64/jdk7u51/527/hotspot/src/share/vm/prims/jvm.cpp:1244
Event: 11.755 Thread 0x00007ffddc803000 Threw 0x00000007d6923790 at /HUDSON/workspace/7u-2-build-macosx-x86_64/jdk7u51/527/hotspot/src/share/vm/prims/jvm.cpp:1244
Event: 11.756 Thread 0x00007ffddc803000 Threw 0x00000007d6938800 at /HUDSON/workspace/7u-2-build-macosx-x86_64/jdk7u51/527/hotspot/src/share/vm/prims/jvm.cpp:1244
Event: 11.756 Thread 0x00007ffddc803000 Threw 0x00000007d694cda0 at /HUDSON/workspace/7u-2-build-macosx-x86_64/jdk7u51/527/hotspot/src/share/vm/prims/jvm.cpp:1244
Event: 11.757 Thread 0x00007ffddc803000 Threw 0x00000007d6961200 at /HUDSON/workspace/7u-2-build-macosx-x86_64/jdk7u51/527/hotspot/src/share/vm/prims/jvm.cpp:1244

Events (10 events):
Event: 11.754 loading class 0x00007ffddb517690
Event: 11.754 loading class 0x00007ffddb517690 done
Event: 11.755 loading class 0x00007ffddb718b00
Event: 11.755 loading class 0x00007ffddb718b00 done
Event: 11.756 loading class 0x00007ffddb5180d0
Event: 11.756 loading class 0x00007ffddb5180d0 done
Event: 11.756 loading class 0x00007ffddb5198e0
Event: 11.756 loading class 0x00007ffddb5198e0 done
Event: 11.757 loading class 0x00007ffddb5193f0
Event: 11.757 loading class 0x00007ffddb5193f0 done


Dynamic libraries:
0x000000000d560000 	/System/Library/Frameworks/Cocoa.framework/Versions/A/Cocoa
0x000000000d560000 	/System/Library/Frameworks/Security.framework/Versions/A/Security
0x000000000d560000 	/System/Library/Frameworks/ApplicationServices.framework/Versions/A/ApplicationServices
0x000000000d560000 	/usr/lib/libz.1.dylib
0x000000000d560000 	/usr/lib/libSystem.B.dylib
0x000000000d560000 	/usr/lib/libobjc.A.dylib
0x000000000d560000 	/System/Library/Frameworks/CoreFoundation.framework/Versions/A/CoreFoundation
0x000000000d560000 	/System/Library/Frameworks/Foundation.framework/Versions/C/Foundation
0x000000000d560000 	/System/Library/Frameworks/AppKit.framework/Versions/C/AppKit
0x000000000d560000 	/System/Library/Frameworks/CoreData.framework/Versions/A/CoreData
0x000000000d560000 	/System/Library/PrivateFrameworks/RemoteViewServices.framework/Versions/A/RemoteViewServices
0x000000000d560000 	/System/Library/PrivateFrameworks/UIFoundation.framework/Versions/A/UIFoundation
0x000000000d560000 	/System/Library/Frameworks/IOSurface.framework/Versions/A/IOSurface
0x000000000d560000 	/System/Library/Frameworks/AudioToolbox.framework/Versions/A/AudioToolbox
0x000000000d560000 	/System/Library/Frameworks/AudioUnit.framework/Versions/A/AudioUnit
0x000000000d560000 	/System/Library/PrivateFrameworks/DataDetectorsCore.framework/Versions/A/DataDetectorsCore
0x000000000d560000 	/System/Library/PrivateFrameworks/DesktopServicesPriv.framework/Versions/A/DesktopServicesPriv
0x000000000d560000 	/System/Library/Frameworks/Carbon.framework/Versions/A/Frameworks/HIToolbox.framework/Versions/A/HIToolbox
0x000000000d560000 	/System/Library/Frameworks/QuartzCore.framework/Versions/A/QuartzCore
0x000000000d560000 	/System/Library/Frameworks/Carbon.framework/Versions/A/Frameworks/SpeechRecognition.framework/Versions/A/SpeechRecognition
0x000000000d560000 	/usr/lib/libauto.dylib
0x000000000d560000 	/usr/lib/libicucore.A.dylib
0x000000000d560000 	/usr/lib/libxml2.2.dylib
0x000000000d560000 	/System/Library/PrivateFrameworks/CoreUI.framework/Versions/A/CoreUI
0x000000000d560000 	/System/Library/Frameworks/CoreAudio.framework/Versions/A/CoreAudio
0x000000000d560000 	/System/Library/Frameworks/DiskArbitration.framework/Versions/A/DiskArbitration
0x000000000d560000 	/usr/lib/liblangid.dylib
0x000000000d560000 	/System/Library/PrivateFrameworks/MultitouchSupport.framework/Versions/A/MultitouchSupport
0x000000000d560000 	/System/Library/Frameworks/IOKit.framework/Versions/A/IOKit
0x000000000d560000 	/usr/lib/libDiagnosticMessagesClient.dylib
0x000000000d560000 	/System/Library/Frameworks/CoreServices.framework/Versions/A/CoreServices
0x000000000d560000 	/System/Library/PrivateFrameworks/PerformanceAnalysis.framework/Versions/A/PerformanceAnalysis
0x000000000d560000 	/System/Library/PrivateFrameworks/GenerationalStorage.framework/Versions/A/GenerationalStorage
0x000000000d560000 	/System/Library/Frameworks/OpenGL.framework/Versions/A/OpenGL
0x000000000d560000 	/System/Library/PrivateFrameworks/Sharing.framework/Versions/A/Sharing
0x000000000d560000 	/System/Library/Frameworks/CoreGraphics.framework/Versions/A/CoreGraphics
0x000000000d560000 	/System/Library/Frameworks/CoreText.framework/Versions/A/CoreText
0x000000000d560000 	/System/Library/Frameworks/ImageIO.framework/Versions/A/ImageIO
0x000000000d560000 	/usr/lib/libextension.dylib
0x000000000d560000 	/System/Library/PrivateFrameworks/Backup.framework/Versions/A/Backup
0x000000000d560000 	/usr/lib/libarchive.2.dylib
0x000000000d560000 	/System/Library/Frameworks/CFNetwork.framework/Versions/A/CFNetwork
0x000000000d560000 	/System/Library/Frameworks/SystemConfiguration.framework/Versions/A/SystemConfiguration
0x000000000d560000 	/usr/lib/libCRFSuite.dylib
0x000000000d560000 	/usr/lib/libc++.1.dylib
0x000000000d560000 	/usr/lib/libc++abi.dylib
0x000000000d560000 	/usr/lib/system/libcache.dylib
0x000000000d560000 	/usr/lib/system/libcommonCrypto.dylib
0x000000000d560000 	/usr/lib/system/libcompiler_rt.dylib
0x000000000d560000 	/usr/lib/system/libcopyfile.dylib
0x000000000d560000 	/usr/lib/system/libcorecrypto.dylib
0x000000000d560000 	/usr/lib/system/libdispatch.dylib
0x000000000d560000 	/usr/lib/system/libdyld.dylib
0x000000000d560000 	/usr/lib/system/libkeymgr.dylib
0x000000000d560000 	/usr/lib/system/liblaunch.dylib
0x000000000d560000 	/usr/lib/system/libmacho.dylib
0x000000000d560000 	/usr/lib/system/libquarantine.dylib
0x000000000d560000 	/usr/lib/system/libremovefile.dylib
0x000000000d560000 	/usr/lib/system/libsystem_asl.dylib
0x000000000d560000 	/usr/lib/system/libsystem_blocks.dylib
0x000000000d560000 	/usr/lib/system/libsystem_c.dylib
0x000000000d560000 	/usr/lib/system/libsystem_configuration.dylib
0x000000000d560000 	/usr/lib/system/libsystem_coreservices.dylib
0x000000000d560000 	/usr/lib/system/libsystem_coretls.dylib
0x000000000d560000 	/usr/lib/system/libsystem_dnssd.dylib
0x000000000d560000 	/usr/lib/system/libsystem_info.dylib
0x000000000d560000 	/usr/lib/system/libsystem_kernel.dylib
0x000000000d560000 	/usr/lib/system/libsystem_m.dylib
0x000000000d560000 	/usr/lib/system/libsystem_malloc.dylib
0x000000000d560000 	/usr/lib/system/libsystem_network.dylib
0x000000000d560000 	/usr/lib/system/libsystem_networkextension.dylib
0x000000000d560000 	/usr/lib/system/libsystem_notify.dylib
0x000000000d560000 	/usr/lib/system/libsystem_platform.dylib
0x000000000d560000 	/usr/lib/system/libsystem_pthread.dylib
0x000000000d560000 	/usr/lib/system/libsystem_sandbox.dylib
0x000000000d560000 	/usr/lib/system/libsystem_secinit.dylib
0x000000000d560000 	/usr/lib/system/libsystem_stats.dylib
0x000000000d560000 	/usr/lib/system/libsystem_trace.dylib
0x000000000d560000 	/usr/lib/system/libunc.dylib
0x000000000d560000 	/usr/lib/system/libunwind.dylib
0x000000000d560000 	/usr/lib/system/libxpc.dylib
0x000000000d560000 	/usr/lib/libbz2.1.0.dylib
0x000000000d560000 	/usr/lib/liblzma.5.dylib
0x000000000d560000 	/usr/lib/libbsm.0.dylib
0x000000000d560000 	/usr/lib/libsqlite3.dylib
0x000000000d560000 	/usr/lib/system/libkxld.dylib
0x000000000d560000 	/usr/lib/libxar.1.dylib
0x000000000d560000 	/usr/lib/libpam.2.dylib
0x000000000d560000 	/usr/lib/libOpenScriptingUtil.dylib
0x000000000d560000 	/System/Library/Frameworks/CoreServices.framework/Versions/A/Frameworks/FSEvents.framework/Versions/A/FSEvents
0x000000000d560000 	/System/Library/Frameworks/CoreServices.framework/Versions/A/Frameworks/CarbonCore.framework/Versions/A/CarbonCore
0x000000000d560000 	/System/Library/Frameworks/CoreServices.framework/Versions/A/Frameworks/Metadata.framework/Versions/A/Metadata
0x000000000d560000 	/System/Library/Frameworks/CoreServices.framework/Versions/A/Frameworks/OSServices.framework/Versions/A/OSServices
0x000000000d560000 	/System/Library/Frameworks/CoreServices.framework/Versions/A/Frameworks/SearchKit.framework/Versions/A/SearchKit
0x000000000d560000 	/System/Library/Frameworks/CoreServices.framework/Versions/A/Frameworks/AE.framework/Versions/A/AE
0x000000000d560000 	/System/Library/Frameworks/CoreServices.framework/Versions/A/Frameworks/LaunchServices.framework/Versions/A/LaunchServices
0x000000000d560000 	/System/Library/Frameworks/CoreServices.framework/Versions/A/Frameworks/DictionaryServices.framework/Versions/A/DictionaryServices
0x000000000d560000 	/System/Library/Frameworks/NetFS.framework/Versions/A/NetFS
0x000000000d560000 	/System/Library/PrivateFrameworks/NetAuth.framework/Versions/A/NetAuth
0x000000000d560000 	/System/Library/PrivateFrameworks/login.framework/Versions/A/Frameworks/loginsupport.framework/Versions/A/loginsupport
0x000000000d560000 	/System/Library/PrivateFrameworks/TCC.framework/Versions/A/TCC
0x000000000d560000 	/usr/lib/libmecabra.dylib
0x000000000d560000 	/System/Library/Frameworks/ApplicationServices.framework/Versions/A/Frameworks/ATS.framework/Versions/A/ATS
0x000000000d560000 	/System/Library/Frameworks/ApplicationServices.framework/Versions/A/Frameworks/ColorSync.framework/Versions/A/ColorSync
0x000000000d560000 	/System/Library/Frameworks/ApplicationServices.framework/Versions/A/Frameworks/HIServices.framework/Versions/A/HIServices
0x000000000d560000 	/System/Library/Frameworks/ApplicationServices.framework/Versions/A/Frameworks/LangAnalysis.framework/Versions/A/LangAnalysis
0x000000000d560000 	/System/Library/Frameworks/ApplicationServices.framework/Versions/A/Frameworks/PrintCore.framework/Versions/A/PrintCore
0x000000000d560000 	/System/Library/Frameworks/ApplicationServices.framework/Versions/A/Frameworks/QD.framework/Versions/A/QD
0x000000000d560000 	/System/Library/Frameworks/ApplicationServices.framework/Versions/A/Frameworks/SpeechSynthesis.framework/Versions/A/SpeechSynthesis
0x000000000d560000 	/System/Library/Frameworks/Accelerate.framework/Versions/A/Accelerate
0x000000000d560000 	/System/Library/Frameworks/Accelerate.framework/Versions/A/Frameworks/vImage.framework/Versions/A/vImage
0x000000000d560000 	/System/Library/Frameworks/Accelerate.framework/Versions/A/Frameworks/vecLib.framework/Versions/A/vecLib
0x000000000d560000 	/System/Library/Frameworks/Accelerate.framework/Versions/A/Frameworks/vecLib.framework/Versions/A/libvDSP.dylib
0x000000000d560000 	/System/Library/Frameworks/Accelerate.framework/Versions/A/Frameworks/vecLib.framework/Versions/A/libvMisc.dylib
0x000000000d560000 	/System/Library/Frameworks/Accelerate.framework/Versions/A/Frameworks/vecLib.framework/Versions/A/libLAPACK.dylib
0x000000000d560000 	/System/Library/Frameworks/Accelerate.framework/Versions/A/Frameworks/vecLib.framework/Versions/A/libBLAS.dylib
0x000000000d560000 	/System/Library/Frameworks/Accelerate.framework/Versions/A/Frameworks/vecLib.framework/Versions/A/libLinearAlgebra.dylib
0x000000000d560000 	/System/Library/Frameworks/ApplicationServices.framework/Versions/A/Frameworks/ATS.framework/Versions/A/Resources/libFontParser.dylib
0x000000000d560000 	/System/Library/Frameworks/ApplicationServices.framework/Versions/A/Frameworks/ATS.framework/Versions/A/Resources/libFontRegistry.dylib
0x000000000d560000 	/System/Library/PrivateFrameworks/AppleVPA.framework/Versions/A/AppleVPA
0x000000000d560000 	/System/Library/PrivateFrameworks/AppleJPEG.framework/Versions/A/AppleJPEG
0x000000000d560000 	/System/Library/Frameworks/ImageIO.framework/Versions/A/Resources/libJPEG.dylib
0x000000000d560000 	/System/Library/Frameworks/ImageIO.framework/Versions/A/Resources/libTIFF.dylib
0x000000000d560000 	/System/Library/Frameworks/ImageIO.framework/Versions/A/Resources/libPng.dylib
0x000000000d560000 	/System/Library/Frameworks/ImageIO.framework/Versions/A/Resources/libGIF.dylib
0x000000000d560000 	/System/Library/Frameworks/ImageIO.framework/Versions/A/Resources/libJP2.dylib
0x000000000d560000 	/System/Library/Frameworks/ImageIO.framework/Versions/A/Resources/libRadiance.dylib
0x000000000d560000 	/System/Library/Frameworks/CoreVideo.framework/Versions/A/CoreVideo
0x000000000d560000 	/System/Library/Frameworks/OpenGL.framework/Versions/A/Libraries/libGLU.dylib
0x000000000d560000 	/System/Library/Frameworks/OpenGL.framework/Versions/A/Libraries/libGFXShared.dylib
0x000000000d560000 	/System/Library/Frameworks/OpenGL.framework/Versions/A/Libraries/libGL.dylib
0x000000000d560000 	/System/Library/Frameworks/OpenGL.framework/Versions/A/Libraries/libGLImage.dylib
0x000000000d560000 	/System/Library/Frameworks/OpenGL.framework/Versions/A/Libraries/libCVMSPluginSupport.dylib
0x000000000d560000 	/System/Library/Frameworks/OpenGL.framework/Versions/A/Libraries/libCoreVMClient.dylib
0x000000000d560000 	/usr/lib/libcups.2.dylib
0x000000000d560000 	/System/Library/Frameworks/Kerberos.framework/Versions/A/Kerberos
0x000000000d560000 	/System/Library/Frameworks/GSS.framework/Versions/A/GSS
0x000000000d560000 	/usr/lib/libresolv.9.dylib
0x000000000d560000 	/usr/lib/libiconv.2.dylib
0x000000000d560000 	/System/Library/PrivateFrameworks/Heimdal.framework/Versions/A/Heimdal
0x000000000d560000 	/usr/lib/libheimdal-asn1.dylib
0x000000000d560000 	/System/Library/Frameworks/OpenDirectory.framework/Versions/A/OpenDirectory
0x000000000d560000 	/System/Library/PrivateFrameworks/CommonAuth.framework/Versions/A/CommonAuth
0x000000000d560000 	/System/Library/Frameworks/OpenDirectory.framework/Versions/A/Frameworks/CFOpenDirectory.framework/Versions/A/CFOpenDirectory
0x000000000d560000 	/System/Library/Frameworks/SecurityFoundation.framework/Versions/A/SecurityFoundation
0x000000000d560000 	/System/Library/PrivateFrameworks/LanguageModeling.framework/Versions/A/LanguageModeling
0x000000000d560000 	/usr/lib/libcmph.dylib
0x000000000d560000 	/System/Library/Frameworks/ServiceManagement.framework/Versions/A/ServiceManagement
0x000000000d560000 	/usr/lib/libxslt.1.dylib
0x000000000d560000 	/System/Library/Frameworks/Carbon.framework/Versions/A/Frameworks/Ink.framework/Versions/A/Ink
0x000000000d560000 	/System/Library/Frameworks/QuartzCore.framework/Versions/A/Frameworks/CoreImage.framework/Versions/A/CoreImage
0x000000000d560000 	/System/Library/PrivateFrameworks/CrashReporterSupport.framework/Versions/A/CrashReporterSupport
0x000000000d560000 	/System/Library/Frameworks/OpenCL.framework/Versions/A/OpenCL
0x000000000d560000 	/System/Library/PrivateFrameworks/FaceCore.framework/Versions/A/FaceCore
0x000000000d560000 	/System/Library/PrivateFrameworks/Ubiquity.framework/Versions/A/Ubiquity
0x000000000d560000 	/System/Library/PrivateFrameworks/IconServices.framework/Versions/A/IconServices
0x000000000d560000 	/System/Library/PrivateFrameworks/ChunkingLibrary.framework/Versions/A/ChunkingLibrary
0x000000000d560000 	/System/Library/PrivateFrameworks/Apple80211.framework/Versions/A/Apple80211
0x000000000d560000 	/System/Library/Frameworks/CoreWLAN.framework/Versions/A/CoreWLAN
0x000000000d560000 	/System/Library/Frameworks/IOBluetooth.framework/Versions/A/IOBluetooth
0x000000000d560000 	/System/Library/PrivateFrameworks/CoreWiFi.framework/Versions/A/CoreWiFi
0x000000000d560000 	/System/Library/Frameworks/CoreBluetooth.framework/Versions/A/CoreBluetooth
0x000000000d560000 	/System/Library/PrivateFrameworks/DebugSymbols.framework/Versions/A/DebugSymbols
0x000000000d560000 	/System/Library/PrivateFrameworks/CoreSymbolication.framework/Versions/A/CoreSymbolication
0x000000000d560000 	/System/Library/PrivateFrameworks/Symbolication.framework/Versions/A/Symbolication
0x000000000d560000 	/System/Library/PrivateFrameworks/SpeechRecognitionCore.framework/Versions/A/SpeechRecognitionCore
0x0000000106600000 	/Library/Java/JavaVirtualMachines/jdk1.7.0_51.jdk/Contents/Home/jre/lib/server/libjvm.dylib
0x000000000d560000 	/usr/lib/libstdc++.6.dylib
0x0000000105d83000 	/Library/Java/JavaVirtualMachines/jdk1.7.0_51.jdk/Contents/Home/jre/lib/libverify.dylib
0x0000000105d90000 	/Library/Java/JavaVirtualMachines/jdk1.7.0_51.jdk/Contents/Home/jre/lib/libjava.dylib
0x0000000105dca000 	/Library/Java/JavaVirtualMachines/jdk1.7.0_51.jdk/Contents/Home/jre/lib/libzip.dylib
0x0000000110896000 	/System/Library/Frameworks/JavaVM.framework/Frameworks/JavaRuntimeSupport.framework/JavaRuntimeSupport
0x00000001108ae000 	/System/Library/Frameworks/JavaVM.framework/Versions/A/Frameworks/JavaNativeFoundation.framework/Versions/A/JavaNativeFoundation
0x00000001108c3000 	/System/Library/Frameworks/JavaVM.framework/Versions/A/JavaVM
0x000000000d560000 	/System/Library/Frameworks/Carbon.framework/Versions/A/Carbon
0x00000001108d0000 	/System/Library/PrivateFrameworks/JavaLaunching.framework/Versions/A/JavaLaunching
0x000000000d560000 	/System/Library/Frameworks/Carbon.framework/Versions/A/Frameworks/CommonPanels.framework/Versions/A/CommonPanels
0x000000000d560000 	/System/Library/Frameworks/Carbon.framework/Versions/A/Frameworks/Help.framework/Versions/A/Help
0x000000000d560000 	/System/Library/Frameworks/Carbon.framework/Versions/A/Frameworks/ImageCapture.framework/Versions/A/ImageCapture
0x000000000d560000 	/System/Library/Frameworks/Carbon.framework/Versions/A/Frameworks/OpenScripting.framework/Versions/A/OpenScripting
0x000000000d560000 	/System/Library/Frameworks/Carbon.framework/Versions/A/Frameworks/Print.framework/Versions/A/Print
0x000000000d560000 	/System/Library/Frameworks/Carbon.framework/Versions/A/Frameworks/SecurityHI.framework/Versions/A/SecurityHI
0x00000001127cf000 	/Library/Java/JavaVirtualMachines/jdk1.7.0_51.jdk/Contents/Home/jre/lib/libnio.dylib
0x00000001127de000 	/Library/Java/JavaVirtualMachines/jdk1.7.0_51.jdk/Contents/Home/jre/lib/./libnet.dylib
0x00000001108dc000 	/Users/Claudio1/Documents/School/University/PhD/Software/GitRepo/IncompleteAutomataBasedModelChecking/IncompleteAutomataBasedModelChecking/CHIAFrameworkltl2ba

VM Arguments:
jvm_args: -Dfile.encoding=UTF-8 
java_command: it.polimi.Main
Launcher Type: SUN_STANDARD

Environment Variables:
PATH=/usr/bin:/bin:/usr/sbin:/sbin
SHELL=/bin/bash

Signal Handlers:
SIGSEGV: [libjvm.dylib+0x525425], sa_mask[0]=0xfffefeff, sa_flags=0x00000043
SIGBUS: [libjvm.dylib+0x525425], sa_mask[0]=0xfffefeff, sa_flags=0x00000042
SIGFPE: [libjvm.dylib+0x41892a], sa_mask[0]=0xfffefeff, sa_flags=0x00000042
SIGPIPE: [libjvm.dylib+0x41892a], sa_mask[0]=0xfffefeff, sa_flags=0x00000042
SIGXFSZ: [libjvm.dylib+0x41892a], sa_mask[0]=0xfffefeff, sa_flags=0x00000042
SIGILL: [libjvm.dylib+0x41892a], sa_mask[0]=0xfffefeff, sa_flags=0x00000042
SIGUSR1: SIG_DFL, sa_mask[0]=0x00000000, sa_flags=0x00000000
SIGUSR2: [libjvm.dylib+0x41841c], sa_mask[0]=0x00000004, sa_flags=0x00000042
SIGHUP: [libjvm.dylib+0x4166ab], sa_mask[0]=0xfffefeff, sa_flags=0x00000042
SIGINT: [libjvm.dylib+0x4166ab], sa_mask[0]=0xfffefeff, sa_flags=0x00000042
SIGTERM: [libjvm.dylib+0x4166ab], sa_mask[0]=0xfffefeff, sa_flags=0x00000042
SIGQUIT: [libjvm.dylib+0x4166ab], sa_mask[0]=0xfffefeff, sa_flags=0x00000042


---------------  S Y S T E M  ---------------

OS:Bsduname:Darwin 14.3.0 Darwin Kernel Version 14.3.0: Mon Mar 23 11:59:05 PDT 2015; root:xnu-2782.20.48~5/RELEASE_X86_64 x86_64
rlimit: STACK 8192k, CORE 0k, NPROC 709, NOFILE 10240, AS infinity
load average:1.28 1.54 1.63

CPU:total 4 (2 cores per cpu, 2 threads per core) family 6 model 58 stepping 9, cmov, cx8, fxsr, mmx, sse, sse2, sse3, ssse3, sse4.1, sse4.2, popcnt, avx, aes, erms, ht, tsc, tscinvbit, tscinv

Memory: 4k page, physical 8388608k(2097152k free)

/proc/meminfo:


vm_info: Java HotSpot(TM) 64-Bit Server VM (24.51-b03) for bsd-amd64 JRE (1.7.0_51-b13), built on Dec 18 2013 18:45:56 by "java_re" with gcc 4.2.1 (Based on Apple Inc. build 5658) (LLVM build 2336.11.00)

time: Sat Jul 11 09:59:37 2015
elapsed time: 11 seconds

